publicsuffix-list-dafsa-20250116-1.fc42.noarch
libssh-config-0.11.1-4.fc42.noarch
pcre2-syntax-10.45-1.fc42.noarch
coreutils-common-9.6-2.fc42.aarch64
fedora-release-identity-container-42-0.22.noarch
fedora-gpg-keys-42-0.5.noarch
fedora-repos-42-0.5.noarch
fedora-release-common-42-0.22.noarch
fedora-release-container-42-0.22.noarch
setup-2.15.0-13.fc42.noarch
filesystem-3.18-36.fc42.aarch64
basesystem-11-22.fc42.noarch
ncurses-base-6.5-5.20250125.fc42.noarch
bash-5.2.37-1.fc42.aarch64
ncurses-libs-6.5-5.20250125.fc42.aarch64
zlib-ng-compat-2.2.4-3.fc42.aarch64
bzip2-libs-1.0.8-20.fc42.aarch64
libzstd-1.5.7-1.fc42.aarch64
libxml2-2.12.10-1.fc42.aarch64
fmt-11.1.4-1.fc42.aarch64
popt-1.19-8.fc42.aarch64
libuuid-2.40.4-7.fc42.aarch64
libeconf-0.7.6-1.fc42.aarch64
gdbm-libs-1.23-9.fc42.aarch64
pcre2-10.45-1.fc42.aarch64
json-c-0.18-2.fc42.aarch64
gmp-6.3.0-2.fc41.aarch64
libffi-3.4.6-5.fc42.aarch64
libtasn1-4.20.0-1.fc42.aarch64
p11-kit-0.25.5-5.fc42.aarch64
libunistring-1.1-9.fc42.aarch64
libidn2-2.3.8-1.fc42.aarch64
crypto-policies-20250214-1.gitff7551b.fc42.noarch
grep-3.11-10.fc42.aarch64
libblkid-2.40.4-7.fc42.aarch64
sqlite-libs-3.47.2-2.fc42.aarch64
lz4-libs-1.10.0-2.fc42.aarch64
libsmartcols-2.40.4-7.fc42.aarch64
libcom_err-1.47.2-3.fc42.aarch64
libsepol-3.8-1.fc42.aarch64
libselinux-3.8-1.fc42.aarch64
libmount-2.40.4-7.fc42.aarch64
libattr-2.5.2-5.fc42.aarch64
libacl-2.3.2-3.fc42.aarch64
sed-4.9-4.fc42.aarch64
lua-libs-5.4.7-3.fc42.aarch64
findutils-4.10.0-5.fc42.aarch64
libpsl-0.21.5-5.fc42.aarch64
nettle-3.10.1-1.fc42.aarch64
cyrus-sasl-lib-2.1.28-30.fc42.aarch64
file-libs-5.46-1.fc42.aarch64
libtool-ltdl-2.5.4-4.fc42.aarch64
keyutils-libs-1.6.3-5.fc42.aarch64
libverto-0.3.2-10.fc42.aarch64
readline-8.2-13.fc42.aarch64
gdbm-1.23-9.fc42.aarch64
libcap-ng-0.8.5-4.fc42.aarch64
audit-libs-4.0.3-2.fc42.aarch64
pam-libs-1.7.0-4.fc42.aarch64
libcap-2.73-2.fc42.aarch64
systemd-libs-257.3-7.fc42.aarch64
sdbus-cpp-1.5.0-4.fc42.aarch64
systemd-standalone-sysusers-257.3-7.fc42.aarch64
libsemanage-3.8-1.fc42.aarch64
shadow-utils-4.17.4-1.fc42.aarch64
alternatives-1.32-1.fc42.aarch64
p11-kit-trust-0.25.5-5.fc42.aarch64
openssl-libs-3.2.4-3.fc42.aarch64
coreutils-9.6-2.fc42.aarch64
ca-certificates-2024.2.69_v8.0.401-5.fc42.noarch
krb5-libs-1.21.3-5.fc42.aarch64
libtirpc-1.3.6-1.rc3.fc42.2.aarch64
zchunk-libs-1.5.1-2.fc42.aarch64
libnsl2-2.0.1-3.fc42.aarch64
libssh-0.11.1-4.fc42.aarch64
gzip-1.13-3.fc42.aarch64
cracklib-2.9.11-7.fc42.aarch64
libpwquality-1.4.5-12.fc42.aarch64
pam-1.7.0-4.fc42.aarch64
authselect-libs-1.5.1-1.fc42.aarch64
libarchive-3.7.7-4.fc42.aarch64
libevent-2.1.12-15.fc42.aarch64
openldap-2.6.9-3.fc42.aarch64
rpm-sequoia-1.7.0-5.fc42.aarch64
rpm-libs-4.20.1-1.fc42.aarch64
libsolv-0.7.31-5.fc42.aarch64
gnutls-3.8.9-2.fc42.aarch64
glib2-2.84.0-1.fc42.aarch64
libyaml-0.2.5-16.fc42.aarch64
libmodulemd-2.15.0-16.fc42.aarch64
libbrotli-1.1.0-6.fc42.aarch64
libnghttp2-1.64.0-3.fc42.aarch64
libcurl-8.11.1-4.fc42.aarch64
curl-8.11.1-4.fc42.aarch64
librepo-1.19.0-3.fc42.aarch64
libdnf5-5.2.12.0-1.fc42.aarch64
libdnf5-cli-5.2.12.0-1.fc42.aarch64
dnf5-5.2.12.0-1.fc42.aarch64
elfutils-default-yama-scope-0.192-9.fc42.noarch
rpm-build-libs-4.20.1-1.fc42.aarch64
vim-data-9.1.1227-1.fc42.noarch
vim-minimal-9.1.1227-1.fc42.aarch64
dnf5-plugins-5.2.12.0-1.fc42.aarch64
rpm-4.20.1-1.fc42.aarch64
sudo-1.9.15-7.p5.fc42.aarch64
authselect-1.5.1-1.fc42.aarch64
util-linux-core-2.40.4-7.fc42.aarch64
tar-1.35-5.fc42.aarch64
zstd-1.5.7-1.fc42.aarch64
bzip2-1.0.8-20.fc42.aarch64
tzdata-2025a-1.fc42.noarch
rootfiles-8.1-38.fc42.noarch
gpg-pubkey-105ef944-65ca83d1
libgpg-error-1.51-2.fc42.aarch64
expat-2.7.1-1.fc42.aarch64
libassuan-2.5.7-3.fc42.aarch64
polkit-libs-126-3.fc42.aarch64
libgcrypt-1.11.0-5.fc42.aarch64
libksba-1.6.7-3.fc42.aarch64
protobuf-c-1.5.1-1.fc42.aarch64
hiredis-1.2.0-6.fc42.aarch64
libseccomp-2.5.5-2.fc41.aarch64
systemd-shared-257.3-7.fc42.aarch64
libfdisk-2.40.4-7.fc42.aarch64
libdnf-0.74.0-1.fc42.aarch64
dbus-libs-1.16.0-3.fc42.aarch64
libusb1-1.0.28-2.fc42.aarch64
tpm2-tss-4.1.3-6.fc42.aarch64
npth-1.8-2.fc42.aarch64
gnupg2-2.4.7-2.fc42.aarch64
ima-evm-utils-libs-1.6.2-4.fc42.aarch64
libcomps-0.1.21-5.fc42.aarch64
libcbor-0.11.0-3.fc42.aarch64
libpkgconf-2.3.0-2.fc42.aarch64
pkgconf-2.3.0-2.fc42.aarch64
pkgconf-m4-2.3.0-2.fc42.noarch
pkgconf-pkg-config-2.3.0-2.fc42.aarch64
kmod-33-3.fc42.aarch64
kbd-misc-2.7.1-3.fc42.noarch
kbd-legacy-2.7.1-3.fc42.noarch
kbd-2.7.1-3.fc42.aarch64
kmod-libs-33-3.fc42.aarch64
xkeyboard-config-2.44-1.fc42.noarch
duktape-2.7.0-9.fc42.aarch64
dbus-common-1.16.0-3.fc42.noarch
dbus-broker-36-5.fc42.aarch64
dbus-1.16.0-3.fc42.aarch64
systemd-pam-257.3-7.fc42.aarch64
systemd-257.3-7.fc42.aarch64
polkit-126-3.fc42.aarch64
device-mapper-libs-1.02.204-3.fc42.aarch64
device-mapper-1.02.204-3.fc42.aarch64
cryptsetup-libs-2.7.5-2.fc42.aarch64
pcsc-lite-libs-2.3.1-2.fc42.aarch64
libsecret-0.21.7-1.fc42.aarch64
mpdecimal-4.0.1-1.fc42.aarch64
python-pip-wheel-24.3.1-2.fc42.noarch
libb2-0.98.1-13.fc42.aarch64
python3-libs-3.13.3-2.fc42.aarch64
python3-3.13.3-2.fc42.aarch64
python3-libdnf-0.74.0-1.fc42.aarch64
python3-hawkey-0.74.0-1.fc42.aarch64
unbound-libs-1.22.0-14.fc42.aarch64
python3-dbus-1.3.2-9.fc42.aarch64
python3-distro-1.9.0-6.fc42.noarch
python3-systemd-235-13.fc42.aarch64
python3-six-1.17.0-2.fc42.noarch
python3-dateutil-2.8.2-17.fc42.noarch
python3-libcomps-0.1.21-5.fc42.aarch64
pcsc-lite-2.3.1-2.fc42.aarch64
pcsc-lite-ccid-1.6.1-3.fc42.aarch64
libfsverity-1.6-2.fc42.aarch64
rpm-sign-libs-4.20.1-1.fc42.aarch64
python3-rpm-4.20.1-1.fc42.aarch64
dnf-data-4.23.0-1.fc42.noarch
python3-dnf-4.23.0-1.fc42.noarch
python3-dnf-plugins-core-4.10.1-1.fc42.noarch
dnf-plugins-core-4.10.1-1.fc42.noarch
python3-unbound-1.22.0-14.fc42.aarch64
unbound-anchor-1.22.0-14.fc42.aarch64
python-unversioned-command-3.13.3-2.fc42.noarch
pinentry-1.3.1-3.fc42.aarch64
systemd-udev-257.3-7.fc42.aarch64
polkit-pkla-compat-0.1-30.fc42.aarch64
systemd-networkd-257.3-7.fc42.aarch64
systemd-resolved-257.3-7.fc42.aarch64
libxkbcommon-1.8.1-1.fc42.aarch64
libfido2-1.15.0-3.fc42.aarch64
gnupg2-smime-2.4.7-2.fc42.aarch64
rpm-plugin-systemd-inhibit-4.20.1-1.fc42.aarch64
qrencode-libs-4.1.1-10.fc42.aarch64
diffutils-3.12-1.fc42.aarch64
libbpf-1.5.0-2.fc42.aarch64
libgcc-15.1.1-2.fc42.aarch64
glibc-common-2.41-6.fc42.aarch64
glibc-minimal-langpack-2.41-6.fc42.aarch64
glibc-2.41-6.fc42.aarch64
nspr-4.36.0-8.fc42.aarch64
elfutils-libelf-0.193-2.fc42.aarch64
libpng-1.6.44-2.fc42.aarch64
libjpeg-turbo-3.1.0-2.fc42.aarch64
boost-system-1.83.0-12.fc42.aarch64
libxcrypt-4.4.38-7.fc42.aarch64
fonts-filesystem-2.0.5-22.fc42.noarch
urw-base35-fonts-common-20200910-24.fc42.noarch
apr-1.7.5-2.fc42.aarch64
apr-util-1.6.3-22.fc42.aarch64
nss-util-3.111.0-2.fc42.aarch64
avahi-libs-0.9~rc2-2.fc42.aarch64
libwebp-1.5.0-2.fc42.aarch64
mpfr-4.2.2-1.fc42.aarch64
libgomp-15.1.1-2.fc42.aarch64
xz-libs-5.8.1-2.fc42.aarch64
elfutils-libs-0.193-2.fc42.aarch64
elfutils-debuginfod-client-0.193-2.fc42.aarch64
libmpc-1.3.1-7.fc42.aarch64
libtextstyle-0.23.1-2.fc42.aarch64
gettext-libs-0.23.1-2.fc42.aarch64
unzip-6.0-66.fc42.aarch64
make-4.4.1-10.fc42.aarch64
libdav1d-1.5.1-1.fc42.aarch64
lcms2-2.16-5.fc42.aarch64
openjpeg-2.5.3-6.fc42.aarch64
libICE-1.1.2-2.fc42.aarch64
adobe-mappings-cmap-20231115-2.fc42.noarch
libzstd-devel-1.5.7-1.fc42.aarch64
adobe-mappings-cmap-deprecated-20231115-2.fc42.noarch
libSM-1.2.5-2.fc42.aarch64
zip-3.0-43.fc42.aarch64
cpp-15.1.1-2.fc42.aarch64
xz-devel-5.8.1-2.fc42.aarch64
nss-softokn-freebl-3.111.0-2.fc42.aarch64
nss-softokn-3.111.0-2.fc42.aarch64
nss-3.111.0-2.fc42.aarch64
nss-sysinit-3.111.0-2.fc42.aarch64
libserf-1.3.10-9.fc42.aarch64
urw-base35-bookman-fonts-20200910-24.fc42.noarch
urw-base35-c059-fonts-20200910-24.fc42.noarch
urw-base35-d050000l-fonts-20200910-24.fc42.noarch
urw-base35-gothic-fonts-20200910-24.fc42.noarch
urw-base35-nimbus-mono-ps-fonts-20200910-24.fc42.noarch
urw-base35-nimbus-roman-fonts-20200910-24.fc42.noarch
urw-base35-nimbus-sans-fonts-20200910-24.fc42.noarch
urw-base35-p052-fonts-20200910-24.fc42.noarch
urw-base35-standard-symbols-ps-fonts-20200910-24.fc42.noarch
urw-base35-z003-fonts-20200910-24.fc42.noarch
urw-base35-fonts-20200910-24.fc42.noarch
abattis-cantarell-vf-fonts-0.301-14.fc42.noarch
google-droid-sans-fonts-20200215-22.fc42.noarch
boost-thread-1.83.0-12.fc42.aarch64
libyuv-0-0.56.20240704git96bbdb5.fc42.aarch64
xapian-core-libs-1.4.26-2.fc42.aarch64
gettext-envsubst-0.23.1-2.fc42.aarch64
gettext-runtime-0.23.1-2.fc42.aarch64
less-668-2.fc42.aarch64
utf8proc-2.10.0-1.fc42.aarch64
subversion-libs-1.14.5-14.fc42.aarch64
groff-base-1.23.0-8.fc42.aarch64
ncurses-6.5-5.20250125.fc42.aarch64
perl-Digest-1.20-512.fc42.noarch
perl-Digest-MD5-2.59-6.fc42.aarch64
perl-B-1.89-517.fc42.aarch64
perl-FileHandle-2.05-517.fc42.noarch
perl-MIME-Base32-1.303-23.fc42.noarch
perl-Data-Dumper-2.189-513.fc42.aarch64
perl-libnet-3.15-513.fc42.noarch
perl-AutoLoader-5.74-517.fc42.noarch
perl-IO-Socket-IP-0.43-2.fc42.noarch
perl-URI-5.31-2.fc42.noarch
perl-Time-Local-1.350-512.fc42.noarch
perl-Text-Tabs+Wrap-2024.001-512.fc42.noarch
perl-File-Path-2.18-512.fc42.noarch
perl-Pod-Escapes-1.07-512.fc42.noarch
perl-if-0.61.000-517.fc42.noarch
perl-Net-SSLeay-1.94-8.fc42.aarch64
perl-locale-1.12-517.fc42.noarch
perl-IO-Socket-SSL-2.089-2.fc42.noarch
perl-Term-ANSIColor-5.01-513.fc42.noarch
perl-Term-Cap-1.18-512.fc42.noarch
perl-POSIX-2.20-517.fc42.aarch64
perl-File-Temp-0.231.100-512.fc42.noarch
perl-HTTP-Tiny-0.090-2.fc42.noarch
perl-IPC-Open3-1.22-517.fc42.noarch
perl-Class-Struct-0.68-517.fc42.noarch
perl-Pod-Simple-3.45-512.fc42.noarch
perl-Socket-2.038-512.fc42.aarch64
perl-Symbol-1.09-517.fc42.noarch
perl-SelectSaver-1.02-517.fc42.noarch
perl-File-stat-1.14-517.fc42.noarch
perl-Pod-Perldoc-3.28.01-513.fc42.noarch
perl-podlators-6.0.2-3.fc42.noarch
perl-Text-ParseWords-3.31-512.fc42.noarch
perl-Fcntl-1.18-517.fc42.aarch64
perl-base-2.27-517.fc42.noarch
perl-mro-1.29-517.fc42.aarch64
perl-overloading-0.02-517.fc42.noarch
perl-IO-1.55-517.fc42.aarch64
perl-Pod-Usage-2.05-1.fc42.noarch
perl-constant-1.33-513.fc42.noarch
perl-parent-0.244-2.fc42.noarch
perl-MIME-Base64-3.16-512.fc42.aarch64
perl-File-Basename-2.86-517.fc42.noarch
perl-Errno-1.38-517.fc42.aarch64
perl-Scalar-List-Utils-1.69-1.fc42.aarch64
perl-vars-1.05-517.fc42.noarch
perl-Getopt-Std-1.14-517.fc42.noarch
perl-overload-1.37-517.fc42.noarch
perl-Storable-3.32-512.fc42.aarch64
perl-Getopt-Long-2.58-3.fc42.noarch
perl-Exporter-5.78-512.fc42.noarch
perl-Carp-1.54-512.fc42.noarch
perl-PathTools-3.91-513.fc42.aarch64
perl-DynaLoader-1.56-517.fc42.aarch64
perl-Encode-3.21-512.fc42.aarch64
perl-libs-5.40.2-517.fc42.aarch64
perl-interpreter-5.40.2-517.fc42.aarch64
perl-TermReadKey-2.38-24.fc42.aarch64
perl-Error-0.17030-1.fc42.noarch
perl-File-Find-1.44-517.fc42.noarch
perl-lib-0.65-517.fc42.aarch64
ed-1.21-2.fc42.aarch64
patch-2.8-1.fc42.aarch64
tbb-2022.0.0-3.fc42.aarch64
boost-atomic-1.83.0-12.fc42.aarch64
boost-filesystem-1.83.0-12.fc42.aarch64
dyninst-13.0.0-5.fc42.aarch64
systemtap-runtime-5.3-1.fc42.aarch64
libedit-3.1-55.20250104cvs.fc42.aarch64
util-linux-2.40.4-7.fc42.aarch64
openssh-9.9p1-11.fc42.aarch64
openssh-clients-9.9p1-11.fc42.aarch64
git-core-2.49.0-1.fc42.aarch64
git-core-doc-2.49.0-1.fc42.noarch
perl-Git-2.49.0-1.fc42.noarch
git-2.49.0-1.fc42.aarch64
systemtap-client-5.3-1.fc42.aarch64
pixman-0.44.2-2.fc42.aarch64
libimagequant-4.0.3-7.fc42.aarch64
shared-mime-info-2.3-7.fc42.aarch64
gdk-pixbuf2-2.42.12-10.fc42.aarch64
graphite2-1.3.14-18.fc42.aarch64
harfbuzz-10.4.0-1.fc42.aarch64
freetype-2.13.3-2.fc42.aarch64
fribidi-1.0.16-2.fc42.aarch64
libXau-1.0.12-2.fc42.aarch64
libxcb-1.17.0-5.fc42.aarch64
libaom-3.12.0-1.fc42.aarch64
rav1e-libs-0.7.1-5.fc42.aarch64
svt-av1-libs-2.3.0-1.fc42.aarch64
libavif-1.1.1-1.fc42.aarch64
jbigkit-libs-2.1-31.fc42.aarch64
liblerc-4.0.0-8.fc42.aarch64
libtiff-4.7.0-3.fc42.aarch64
libdatrie-0.2.13-11.fc42.aarch64
libthai-0.1.29-10.fc42.aarch64
spdlog-1.15.3-1.fc42.aarch64
jansson-2.14-2.fc42.aarch64
binutils-2.44-3.fc42.aarch64
graphviz-libs-12.2.1-8.fc42.aarch64
jbig2dec-libs-0.20-6.fc42.aarch64
libijs-0.35-24.fc42.aarch64
libpaper-2.1.1-8.fc42.aarch64
libasan-15.1.1-2.fc42.aarch64
libatomic-15.1.1-2.fc42.aarch64
libubsan-15.1.1-2.fc42.aarch64
gpgme-1.24.3-1.fc42.aarch64
gpgmepp-1.24.3-1.fc42.aarch64
netpbm-11.10.00-1.fc42.aarch64
gts-0.7.6-50.20121130.fc42.aarch64
lmdb-libs-0.9.33-3.fc42.aarch64
kernel-headers-6.14.3-300.fc42.aarch64
libxcrypt-devel-4.4.38-7.fc42.aarch64
glibc-devel-2.41-6.fc42.aarch64
gcc-15.1.1-2.fc42.aarch64
cups-filesystem-2.4.12-3.fc42.noarch
cups-libs-2.4.12-3.fc42.aarch64
adobe-mappings-pdf-20190401-9.fc42.noarch
google-noto-fonts-common-20250301-1.fc42.noarch
google-noto-sans-vf-fonts-20250301-1.fc42.noarch
default-fonts-core-sans-4.2-4.fc42.noarch
poppler-data-0.4.11-9.fc42.noarch
libX11-common-1.8.11-1.fc42.noarch
libX11-1.8.11-1.fc42.aarch64
libXrender-0.9.12-2.fc42.aarch64
libXext-1.3.6-3.fc42.aarch64
libXpm-3.5.17-5.fc42.aarch64
libXt-1.3.1-2.fc42.aarch64
xml-common-0.6.3-66.fc42.noarch
fontconfig-2.16.0-2.fc42.aarch64
cairo-1.18.2-3.fc42.aarch64
cairo-gobject-1.18.2-3.fc42.aarch64
gd-2.3.3-18.fc42.aarch64
libXft-2.3.8-8.fc42.aarch64
pango-1.56.3-1.fc42.aarch64
rsvg-pixbuf-loader-2.60.0-1.fc42.aarch64
librsvg2-2.60.0-1.fc42.aarch64
lasi-1.1.3-16.fc42.aarch64
poppler-25.02.0-1.fc42.aarch64
poppler-glib-25.02.0-1.fc42.aarch64
libgs-10.05.1-2.fc42.aarch64
graphviz-12.2.1-8.fc42.aarch64
cmake-filesystem-3.31.6-2.fc42.aarch64
zlib-ng-compat-devel-2.2.4-3.fc42.aarch64
elfutils-libelf-devel-0.193-2.fc42.aarch64
elfutils-devel-0.193-2.fc42.aarch64
systemtap-devel-5.3-1.fc42.aarch64
emacs-filesystem-30.0-4.fc42.noarch
subversion-1.14.5-14.fc42.aarch64
systemtap-5.3-1.fc42.aarch64
doxygen-1.13.2-4.fc42.aarch64
apr-util-lmdb-1.6.3-22.fc42.aarch64
patchutils-0.4.2-15.fc42.aarch64
perl-NDBM_File-1.17-517.fc42.aarch64
gettext-0.23.1-2.fc42.aarch64
elfutils-debuginfod-client-devel-0.193-2.fc42.aarch64
xz-5.8.1-2.fc42.aarch64
apr-util-openssl-1.6.3-22.fc42.aarch64
diffstat-1.67-2.fc42.aarch64
gpg-pubkey-3af28a14-6585b2a3
texlive-base-20230311-89.fc42.aarch64
perl-File-Copy-2.41-517.fc42.noarch
perl-version-0.99.33-2.fc42.aarch64
texlive-lib-20230311-89.fc42.aarch64
libstdc++-15.1.1-2.fc42.aarch64
perl-Time-HiRes-1.9777-512.fc42.aarch64
perl-subs-1.04-517.fc42.noarch
perl-File-Compare-1.100.800-517.fc42.noarch
perl-Compress-Raw-Zlib-2.213-2.fc42.aarch64
perl-Try-Tiny-0.32-2.fc42.noarch
perl-Unicode-Normalize-1.32-512.fc42.aarch64
perl-ExtUtils-Manifest-1.75-512.fc42.noarch
perl-Sys-Hostname-1.25-517.fc42.aarch64
perl-threads-2.40-512.fc42.aarch64
perl-threads-shared-1.69-512.fc42.aarch64
perl-Module-Runtime-0.016-24.fc42.noarch
perl-Dist-CheckConflicts-0.11-32.fc42.noarch
perl-Module-Implementation-0.09-41.fc42.noarch
perl-Tie-4.6-517.fc42.noarch
perl-ExtUtils-ParseXS-3.51-512.fc42.noarch
perl-Text-Balanced-2.06-512.fc42.noarch
perl-Digest-SHA-6.04-513.fc42.aarch64
perl-Module-Load-0.36-512.fc42.noarch
perl-Module-Metadata-1.000038-512.fc42.noarch
perl-CPAN-Meta-Requirements-2.143-10.fc42.noarch
perl-Module-CoreList-5.20250421-1.fc42.noarch
perl-meta-notation-5.40.2-517.fc42.noarch
perl-Hash-Util-FieldHash-1.27-517.fc42.aarch64
perl-Term-ReadLine-1.17-517.fc42.noarch
perl-Math-Complex-1.62-517.fc42.noarch
perl-Math-BigInt-2.0040.01-1.fc42.noarch
perl-JSON-PP-4.16-513.fc42.noarch
perl-deprecate-0.04-517.fc42.noarch
perl-I18N-Langinfo-0.24-517.fc42.aarch64
perl-Pod-Html-1.35-517.fc42.noarch
perl-Perl-OSType-1.010-513.fc42.noarch
perl-Filter-1.64-513.fc42.aarch64
perl-Clone-0.47-2.fc42.aarch64
perl-Text-Unidecode-1.30-26.fc42.noarch
perl-encoding-3.00-512.fc42.aarch64
perl-open-1.13-517.fc42.noarch
perl-Encode-Locale-1.05-31.fc42.noarch
perl-Hash-Util-0.32-517.fc42.aarch64
perl-sigtrap-1.10-517.fc42.noarch
perl-Digest-HMAC-1.05-2.fc42.noarch
perl-Unicode-Collate-1.31-512.fc42.aarch64
perl-Unicode-UCD-0.78-517.fc42.noarch
perl-Data-Dump-1.25-12.fc42.noarch
perl-Opcode-1.65-517.fc42.aarch64
perl-Safe-2.46-517.fc42.noarch
perl-Net-Ping-2.76-512.fc42.noarch
perl-ExtUtils-Command-7.76-1.fc42.noarch
perl-SelfLoader-1.27-517.fc42.noarch
perl-ExtUtils-Constant-0.25-517.fc42.noarch
perl-autouse-1.11-517.fc42.noarch
perl-User-pwent-1.05-517.fc42.noarch
perl-Dumpvalue-2.27-517.fc42.noarch
perl-DirHandle-1.05-517.fc42.noarch
perl-Date-ISO8601-0.005-22.fc42.noarch
perl-AutoSplit-5.74-517.fc42.noarch
perl-ExtUtils-MM-Utils-7.76-1.fc42.noarch
perl-I18N-LangTags-0.45-517.fc42.noarch
perl-Locale-Maketext-1.33-513.fc42.noarch
perl-Locale-Maketext-Simple-0.21-517.fc42.noarch
perl-Params-Check-0.38-512.fc42.noarch
perl-Module-Load-Conditional-0.74-512.fc42.noarch
perl-IPC-Cmd-1.04-513.fc42.noarch
perl-Benchmark-1.25-517.fc42.noarch
perl-Test-Harness-3.50-2.fc42.noarch
perl-ExtUtils-Install-2.22-512.fc42.noarch
perl-ExtUtils-MakeMaker-7.76-1.fc42.noarch
perl-English-1.11-517.fc42.noarch
perl-Term-Table-0.024-2.fc42.noarch
perl-Devel-PPPort-3.72-513.fc42.aarch64
perl-CPAN-Meta-YAML-0.020-2.fc42.noarch
perl-CPAN-Meta-2.150010-512.fc42.noarch
perl-Sub-Install-0.929-7.fc42.noarch
perl-Params-Util-1.102-17.fc42.aarch64
perl-Tie-RefHash-1.41-2.fc42.noarch
perl-Sys-Syslog-0.36-513.fc42.aarch64
perl-MRO-Compat-0.15-11.fc42.noarch
perl-Devel-StackTrace-2.05-5.fc42.noarch
perl-Text-Glob-0.11-25.fc42.noarch
perl-XML-SAX-Base-1.09-25.fc42.noarch
perl-XML-NamespaceSupport-1.12-25.fc42.noarch
perl-IPC-SysV-2.09-513.fc42.aarch64
perl-File-Slurper-0.014-7.fc42.noarch
perl-Compress-Raw-Bzip2-2.213-2.fc42.aarch64
perl-IO-Compress-2.213-3.fc42.noarch
perl-Net-HTTP-6.23-6.fc42.noarch
perl-IO-Zlib-1.15-512.fc42.noarch
perl-TimeDate-2.33-16.fc42.noarch
perl-HTTP-Date-6.06-6.fc42.noarch
libXmu-1.2.1-3.fc42.aarch64
zziplib-0.13.78-1.fc42.aarch64
libXaw-1.0.16-3.fc42.aarch64
perl-File-Listing-6.16-5.fc42.noarch
perl-DBM_Filter-0.06-517.fc42.noarch
perl-Data-OptList-0.114-6.fc42.noarch
perl-Test-Simple-1.302210-1.fc42.noarch
perl-libnetcfg-5.40.2-517.fc42.noarch
perl-inc-latest-0.500-30.fc42.noarch
perl-File-Fetch-1.04-512.fc42.noarch
perl-Devel-SelfStubber-1.06-517.fc42.noarch
perl-NTLM-1.09-40.fc42.noarch
perl-fields-2.27-517.fc42.noarch
perl-Text-Soundex-3.05-33.fc42.aarch64
perl-Filter-Simple-0.96-512.fc42.noarch
perl-Data-Uniqid-0.12-36.fc42.noarch
perl-JSON-4.10-7.fc42.noarch
perl-Math-BigInt-FastCalc-0.501.900-1.fc42.aarch64
perl-bignum-0.67-513.fc42.noarch
perl-GD-2.83-3.fc42.aarch64
perl-debugger-1.60-517.fc42.noarch
perl-Module-CoreList-tools-5.20250421-1.fc42.noarch
perl-Parse-RecDescent-1.967015-24.fc42.noarch
perl-Env-1.06-512.fc42.noarch
perl-Params-Validate-1.31-10.fc42.aarch64
perl-List-SomeUtils-0.59-7.fc42.noarch
perl-Thread-Queue-3.14-512.fc42.noarch
perl-Thread-3.05-517.fc42.noarch
perl-Thread-Semaphore-2.13-517.fc42.noarch
perl-Mail-Sendmail-0.80-23.fc42.noarch
perl-Text-BibTeX-0.91-1.fc42.aarch64
perl-Archive-Zip-1.68-16.fc42.noarch
perl-Business-ISSN-1.008-1.fc42.noarch
libicu-76.1-4.fc42.aarch64
teckit-2.5.12-4.fc42.aarch64
libstdc++-devel-15.1.1-2.fc42.aarch64
gcc-c++-15.1.1-2.fc42.aarch64
gcc-plugin-annobin-15.1.1-2.fc42.aarch64
xpdf-libs-4.05-6.fc42.aarch64
perl-experimental-0.034-2.fc42.noarch
perl-Lexical-SealRequireHints-0.012-9.fc42.aarch64
perl-List-MoreUtils-XS-0.430-16.fc42.aarch64
perl-Exporter-Tiny-1.006002-6.fc42.noarch
perl-Term-Size-Perl-0.031-21.fc42.aarch64
web-assets-filesystem-5-23.fc42.noarch
qt6-srpm-macros-6.9.0-2.fc42.noarch
qt5-srpm-macros-5.15.17-1.fc42.noarch
filesystem-srpm-macros-3.18-42.fc42.noarch
efi-srpm-macros-6-3.fc42.noarch
annobin-docs-12.94-1.fc42.noarch
annobin-plugin-gcc-12.94-1.fc42.aarch64
perl-vmsish-1.04-517.fc42.noarch
perl-utils-5.40.2-517.fc42.noarch
perl-sort-2.05-517.fc42.noarch
perl-ph-5.40.2-517.fc42.aarch64
perl-macros-5.40.2-517.fc42.noarch
perl-less-0.03-517.fc42.noarch
perl-filetest-1.03-517.fc42.noarch
perl-encoding-warnings-0.14-517.fc42.noarch
perl-doc-5.40.2-517.fc42.noarch
perl-diagnostics-1.40-517.fc42.noarch
perl-blib-1.07-517.fc42.noarch
perl-Time-Piece-1.3401-517.fc42.aarch64
perl-Time-1.04-517.fc42.noarch
perl-Tie-Memoize-1.1-517.fc42.noarch
perl-Tie-File-1.09-517.fc42.noarch
perl-Text-Abbrev-1.02-517.fc42.noarch
perl-Test-1.31-517.fc42.noarch
perl-Term-Complete-1.403-517.fc42.noarch
perl-Search-Dict-1.07-517.fc42.noarch
perl-Pod-Functions-1.14-517.fc42.noarch
perl-ODBM_File-1.18-517.fc42.aarch64
perl-Net-1.04-517.fc42.noarch
perl-NEXT-0.69-517.fc42.noarch
perl-Module-Loaded-0.08-517.fc42.noarch
perl-Memoize-1.16-517.fc42.noarch
perl-I18N-Collate-1.02-517.fc42.noarch
perl-GDBM_File-1.24-517.fc42.aarch64
perl-FindBin-1.54-517.fc42.noarch
perl-FileCache-1.10-517.fc42.noarch
perl-File-DosGlob-1.12-517.fc42.aarch64
perl-Devel-Peek-1.34-517.fc42.aarch64
perl-Config-Extensions-0.03-517.fc42.noarch
perl-Attribute-Handlers-1.03-517.fc42.noarch
python3-pyparsing-3.1.2-8.fc42.noarch
systemtap-sdt-dtrace-5.3-1.fc42.aarch64
systemtap-sdt-devel-5.3-1.fc42.aarch64
add-determinism-0.6.0-1.fc42.aarch64
build-reproducibility-srpm-macros-0.6.0-1.fc42.noarch
zig-srpm-macros-1-4.fc42.noarch
tree-sitter-srpm-macros-0.1.0-8.fc42.noarch
rust-srpm-macros-26.3-4.fc42.noarch
pyproject-srpm-macros-1.18.1-1.fc42.noarch
perl-srpm-macros-1-57.fc42.noarch
package-notes-srpm-macros-0.5-13.fc42.noarch
openblas-srpm-macros-2-19.fc42.noarch
ocaml-srpm-macros-10-4.fc42.noarch
lua-srpm-macros-1-15.fc42.noarch
kernel-srpm-macros-1.0-25.fc42.noarch
gnat-srpm-macros-6-7.fc42.noarch
ghc-srpm-macros-1.9.2-2.fc42.noarch
fpc-srpm-macros-1.3-14.fc42.noarch
file-5.46-1.fc42.aarch64
dwz-0.15-9.fc42.aarch64
ansible-srpm-macros-1-17.1.fc42.noarch
forge-srpm-macros-0.4.0-2.fc42.noarch
go-srpm-macros-3.6.0-6.fc42.noarch
python-srpm-macros-3.13-4.fc42.noarch
fonts-srpm-macros-2.0.5-22.fc42.noarch
redhat-rpm-config-342-4.fc42.noarch
perl-devel-5.40.2-517.fc42.aarch64
perl-ExtUtils-CBuilder-0.280240-512.fc42.noarch
perl-ExtUtils-Embed-1.35-517.fc42.noarch
perl-ExtUtils-Miniperl-1.14-517.fc42.noarch
perl-DynaLoader-Functions-0.004-6.fc42.noarch
perl-Devel-CallChecker-0.009-8.fc42.aarch64
perl-Params-Classify-0.015-25.fc42.aarch64
perl-DateTime-TimeZone-SystemV-0.010-23.fc42.noarch
perl-DateTime-TimeZone-Tzfile-0.011-23.fc42.noarch
perl-Class-Singleton-1.6-13.fc42.noarch
perl-Class-Inspector-1.36-18.fc42.noarch
perl-File-ShareDir-1.118-13.fc42.noarch
perl-Text-Template-1.61-7.fc42.noarch
perl-File-Which-1.27-13.fc42.noarch
perl-File-HomeDir-1.006-14.fc42.noarch
perl-Algorithm-Diff-1.2010-13.fc42.noarch
perl-Text-Diff-1.45-23.fc42.noarch
perl-Module-Signature-0.89-2.fc42.noarch
perl-Compress-Raw-Lzma-2.213-5.fc42.aarch64
perl-IO-Compress-Lzma-2.213-2.fc42.noarch
perl-Archive-Tar-3.04-1.fc42.noarch
libdb-5.3.28-64.fc42.aarch64
perl-DB_File-1.859-513.fc42.aarch64
perl-local-lib-2.000029-9.fc42.noarch
perl-Devel-Size-0.84-4.fc42.aarch64
perl-Compress-Bzip2-2.28-21.fc42.aarch64
perl-perlfaq-5.20240218-512.fc42.noarch
perl-Pod-Checker-1.77-512.fc42.noarch
perl-PerlIO-via-QuotedPrint-0.10-512.fc42.noarch
perl-Encode-devel-3.21-512.fc42.aarch64
perl-Config-Perl-V-0.38-2.fc42.noarch
perl-Package-Generator-1.106-33.fc42.noarch
perl-Sub-Exporter-0.991-5.fc42.noarch
perl-Sub-Exporter-Progressive-0.001013-26.fc42.noarch
perl-Devel-GlobalDestruction-0.14-26.fc42.noarch
perl-Data-Section-0.200008-7.fc42.noarch
perl-Software-License-0.104006-3.fc42.noarch
perl-Module-Build-0.42.34-8.fc42.noarch
perl-PadWalker-2.5-16.fc42.aarch64
perl-Devel-Caller-2.07-8.fc42.aarch64
perl-Devel-LexAlias-0.05-39.fc42.aarch64
perl-Package-Stash-XS-0.30-10.fc42.aarch64
perl-Package-Stash-0.40-9.fc42.noarch
perl-Net-SMTP-SSL-1.04-26.fc42.noarch
perl-MailTools-2.22-2.fc42.noarch
perl-MIME-Types-2.27-1.fc42.noarch
perl-Email-Date-Format-1.008-6.fc42.noarch
perl-MIME-Lite-3.033-14.fc42.noarch
perl-GSSAPI-0.28-48.fc42.aarch64
perl-Authen-SASL-2.1700-5.fc42.noarch
perl-Variable-Magic-0.64-4.fc42.aarch64
perl-B-Hooks-EndOfScope-0.28-3.fc42.noarch
perl-namespace-clean-0.27-28.fc42.noarch
perl-namespace-autoclean-0.31-2.fc42.noarch
perl-Class-Method-Modifiers-2.15-6.fc42.noarch
perl-Role-Tiny-2.002004-13.fc42.noarch
perl-Ref-Util-XS-0.117-25.fc42.aarch64
perl-Ref-Util-0.204-22.fc42.noarch
perl-Class-Data-Inheritable-0.10-2.fc42.noarch
perl-Exception-Class-1.45-12.fc42.noarch
perl-IPC-System-Simple-1.30-15.fc42.noarch
perl-autodie-2.37-513.fc42.noarch
perl-CPAN-2.38-3.fc42.noarch
perl-5.40.2-517.fc42.aarch64
perl-Date-Manip-6.97-1.fc42.noarch
perl-Mail-Sender-0.903-26.fc42.noarch
perl-Convert-ASN1-0.34-5.fc42.noarch
perl-XString-0.005-15.fc42.aarch64
perl-Number-Compare-0.03-40.fc42.noarch
perl-File-Find-Rule-0.34-30.fc42.noarch
perl-Data-Compare-1.29-6.fc42.noarch
libxslt-1.1.43-1.fc42.aarch64
sombok-2.4.0-23.fc42.aarch64
perl-MIME-Charset-1.013.1-7.fc42.noarch
perl-Unicode-LineBreak-2019.001-23.fc42.aarch64
perl-List-UtilsBy-0.12-11.fc42.noarch
perl-List-AllUtils-0.19-14.fc42.noarch
perl-Mozilla-CA-20250202-1.fc42.noarch
perl-Tie-Cycle-1.229-2.fc42.noarch
perl-Business-ISMN-1.204-3.fc42.noarch
perl-Business-ISBN-Data-20250315.001-1.fc42.noarch
perl-Business-ISBN-3.011-2.fc42.noarch
perl-autovivification-0.18-25.fc42.aarch64
perl-XML-Writer-0.900-16.fc42.noarch
perl-Text-Roman-3.5-30.fc42.noarch
perl-Text-CSV-2.05-1.fc42.noarch
perl-Sort-Key-1.33-33.fc42.aarch64
perl-Regexp-Common-2024080801-2.fc42.noarch
perl-Lingua-Translit-0.29-9.fc42.noarch
perl-IPC-Run3-0.049-3.fc42.noarch
perl-IO-String-1.08-52.fc42.noarch
perl-Class-Accessor-0.51-22.fc42.noarch
mailcap-2.1.54-8.fc42.noarch
perl-LWP-MediaTypes-6.04-20.fc42.noarch
perl-IO-HTML-1.004-14.fc42.noarch
perl-HTTP-Message-7.00-2.fc42.noarch
perl-HTTP-Negotiate-6.01-40.fc42.noarch
perl-HTTP-Cookies-6.11-5.fc42.noarch
perl-HTML-Tagset-3.24-3.fc42.noarch
perl-HTML-Parser-3.83-2.fc42.aarch64
perltidy-20250311-1.fc42.noarch
perl-Eval-Closure-0.14-25.fc42.noarch
perl-Params-ValidationCompiler-0.31-7.fc42.noarch
perl-Specio-0.50-1.fc42.noarch
perl-Log-Dispatch-2.71-6.fc42.noarch
perl-DateTime-Locale-1.45-1.fc42.noarch
perl-DateTime-1.66-1.fc42.aarch64
perl-DateTime-TimeZone-2.65-1.fc42.noarch
perl-DateTime-Format-Strptime-1.79-12.fc42.noarch
perl-DateTime-Format-Builder-0.8300-15.fc42.noarch
perl-DateTime-Calendar-Julian-0.107-10.fc42.noarch
perl-Log-Dispatch-FileRotate-1.38-11.fc42.noarch
perl-WWW-RobotRules-6.02-41.fc42.noarch
perl-libwww-perl-6.77-3.fc42.noarch
perl-XML-Parser-2.47-6.fc42.aarch64
perl-XML-XPath-1.48-8.fc42.noarch
texlive-epstopdf-svn66461-89.fc42.noarch
texlive-epstopdf-pkg-svn53546-76.fc42.noarch
texlive-cm-svn57963-76.fc42.noarch
texlive-etex-svn66203-76.fc42.noarch
texlive-hyph-utf8-svn61719-76.fc42.noarch
texlive-hyphen-base-svn66413-76.fc42.noarch
texlive-knuth-lib-svn57963-76.fc42.noarch
texlive-plain-svn57963-76.fc42.noarch
texlive-tex-ini-files-svn40533-76.fc42.noarch
texlive-unicode-data-svn64423-76.fc42.noarch
texlive-graphics-def-svn64487-76.fc42.noarch
texlive-gsftopk-svn52851-89.fc42.aarch64
texlive-luatex-svn66967-89.fc42.aarch64
texlive-texlive.infra-svn66512-89.fc42.noarch
texlive-texlive-scripts-svn66584-89.fc42.noarch
texlive-kpathsea-svn66209-89.fc42.aarch64
texlive-iftex-svn61910-76.fc42.noarch
texlive-etex-pkg-svn41784-76.fc42.noarch
texlive-etoolbox-svn56554-76.fc42.noarch
texlive-url-svn32528.3.4-76.fc42.noarch
texlive-pdftexcmds-svn55777-76.fc42.noarch
texlive-atbegshi-svn53051-76.fc42.noarch
texlive-babel-svn65823-76.fc42.noarch
texlive-amsmath-svn63514-76.fc42.noarch
texlive-kvoptions-svn63622-76.fc42.noarch
texlive-amsfonts-svn61937-76.fc42.noarch
texlive-latex-fonts-svn28888.0-76.fc42.noarch
texlive-atveryend-svn53108-76.fc42.noarch
texlive-lm-svn65956-76.fc42.noarch
texlive-ltxcmds-svn56421-76.fc42.noarch
texlive-booktabs-svn53402-76.fc42.noarch
texlive-footmisc-svn62524-76.fc42.noarch
texlive-multido-svn18302.1.42-76.fc42.noarch
texlive-glyphlist-svn54074-89.fc42.noarch
texlive-lua-alt-getopt-svn56414-76.fc42.noarch
texlive-modes-svn61719-76.fc42.noarch
texlive-l3backend-svn65573-76.fc42.noarch
texlive-etexcmds-svn53171-76.fc42.noarch
texlive-infwarerr-svn53023-76.fc42.noarch
texlive-hypdoc-svn65678-76.fc42.noarch
texlive-palatino-svn61719-76.fc42.noarch
texlive-zapfding-svn61719-76.fc42.noarch
texlive-paralist-svn43021-76.fc42.noarch
texlive-ragged2e-svn66152-76.fc42.noarch
texlive-setspace-svn65206-76.fc42.noarch
texlive-graphics-cfg-svn41448-76.fc42.noarch
texlive-graphics-svn66204-76.fc42.noarch
texlive-tools-svn64892-76.fc42.noarch
texlive-xkeyval-svn63616-76.fc42.noarch
texlive-colortbl-svn64015-76.fc42.noarch
texlive-caption-svn66580-76.fc42.noarch
texlive-csquotes-svn64389-76.fc42.noarch
texlive-geometry-svn61719-76.fc42.noarch
texlive-auxhook-svn53173-76.fc42.noarch
texlive-marvosym-svn29349.2.2a-76.fc42.noarch
texlive-subfig-svn15878.1.3-76.fc42.noarch
texlive-breakurl-svn29901.1.40-76.fc42.noarch
texlive-logreq-svn53003-76.fc42.noarch
texlive-sauerj-svn15878.0-76.fc42.noarch
texlive-catchfile-svn53084-76.fc42.noarch
texlive-ifplatform-svn45533-76.fc42.noarch
texlive-auto-pst-pdf-svn56596-76.fc42.noarch
texlive-metafont-svn66186-89.fc42.aarch64
texlive-dvips-svn66203-89.fc42.aarch64
texlive-babelbib-svn57349-76.fc42.noarch
texlive-memoir-svn65040-76.fc42.noarch
texlive-epsf-svn21461.2.7.4-76.fc42.noarch
texlive-texlive-scripts-extra-svn62517-89.fc42.noarch
texlive-bibtex-svn66186-89.fc42.aarch64
texlive-colorprofiles-svn49086-76.fc42.noarch
texlive-ec-svn25033.1.0-76.fc42.noarch
texlive-enctex-svn34957.0-76.fc42.noarch
texlive-hyphenex-svn57387-76.fc42.noarch
texlive-knuth-local-svn57963-76.fc42.noarch
texlive-luahbtex-svn66186-89.fc42.aarch64
texlive-makeindex-svn62517-89.fc42.aarch64
texlive-mflogo-svn42428-76.fc42.noarch
texlive-mfware-svn66186-89.fc42.aarch64
texlive-tex-svn66186-89.fc42.aarch64
texlive-texlive-en-svn66572-89.fc42.noarch
texlive-texlive-msg-translations-svn66593-76.fc42.noarch
texlive-dehyph-svn48599-76.fc42.noarch
texlive-pdftex-svn66243-89.fc42.aarch64
texlive-everyshi-svn57001-76.fc42.noarch
texlive-firstaid-svn64892-76.fc42.noarch
texlive-xetexconfig-svn45845-76.fc42.noarch
texlive-alphalph-svn53087-76.fc42.noarch
texlive-enumitem-svn51423-76.fc42.noarch
texlive-hologo-svn61719-76.fc42.noarch
texlive-underscore-svn18261.0-76.fc42.noarch
texlive-avantgar-svn61983-76.fc42.noarch
texlive-bookman-svn61719-76.fc42.noarch
texlive-charter-svn15878.0-76.fc42.noarch
texlive-courier-svn61719-76.fc42.noarch
texlive-helvetic-svn61719-76.fc42.noarch
texlive-symbol-svn61719-76.fc42.noarch
texlive-times-svn61719-76.fc42.noarch
texlive-utopia-svn15878.0-76.fc42.noarch
texlive-filecontents-svn52142-76.fc42.noarch
texlive-fpl-svn54512-76.fc42.noarch
texlive-mathpazo-svn52663-76.fc42.noarch
texlive-psnfss-svn54694-76.fc42.noarch
texlive-xstring-svn65551-76.fc42.noarch
texlive-gettitlestring-svn53170-76.fc42.noarch
texlive-hobsub-svn52810-76.fc42.noarch
texlive-hycolor-svn53584-76.fc42.noarch
texlive-intcalc-svn53168-76.fc42.noarch
texlive-kvdefinekeys-svn53193-76.fc42.noarch
texlive-kvsetkeys-svn64632-76.fc42.noarch
texlive-letltxmacro-svn53022-76.fc42.noarch
texlive-pdfescape-svn53082-76.fc42.noarch
texlive-refcount-svn53164-76.fc42.noarch
texlive-stringenc-svn52982-76.fc42.noarch
texlive-bookmark-svn56885-76.fc42.noarch
texlive-marginnote-svn48383-76.fc42.noarch
texlive-mparhack-svn59066-76.fc42.noarch
texlive-picture-svn54867-76.fc42.noarch
texlive-pst-math-svn64732-76.fc42.noarch
texlive-varwidth-svn24104.0.92-76.fc42.noarch
texlive-pdfcolmk-svn52912-76.fc42.noarch
texlive-xcolor-svn63563-76.fc42.noarch
texlive-eso-pic-svn56658-76.fc42.noarch
texlive-luabidi-svn54512-76.fc42.noarch
texlive-makecmds-svn15878.0-76.fc42.noarch
texlive-bigintcalc-svn53172-76.fc42.noarch
texlive-bitset-svn53837-76.fc42.noarch
texlive-uniquecounter-svn53162-76.fc42.noarch
texlive-rerunfilecheck-svn63869-76.fc42.noarch
texlive-hyperref-svn65758-76.fc42.noarch
texlive-attachfile-svn42099-76.fc42.noarch
texlive-changepage-svn15878.1.0c-76.fc42.noarch
texlive-fancyhdr-svn64977-76.fc42.noarch
texlive-natbib-svn20668.8.31b-76.fc42.noarch
texlive-placeins-svn19848.2.2-76.fc42.noarch
texlive-titlesec-svn59845-76.fc42.noarch
texlive-zref-svn62977-76.fc42.noarch
texlive-euenc-svn19795.0.1h-76.fc42.noarch
texlive-kastrup-svn15878.0-76.fc42.noarch
texlive-ctablestack-svn38514-76.fc42.noarch
texlive-luatexbase-svn52663-76.fc42.noarch
texlive-float-svn15878.1.3d-76.fc42.noarch
texlive-ifmtarg-svn47544-76.fc42.noarch
texlive-fp-svn49719-76.fc42.noarch
texlive-lua-uni-algos-svn62204-76.fc42.noarch
texlive-lualibs-svn64615-76.fc42.noarch
texlive-luaotfload-svn64616-89.fc42.noarch
texlive-latexconfig-svn53525-76.fc42.noarch
perl-LWP-Protocol-https-6.14-3.fc42.noarch
perl-LDAP-0.68-15.fc42.noarch
perl-Log-Log4perl-1.57-7.fc42.noarch
perl-XML-SAX-1.02-18.fc42.noarch
perl-XML-LibXML-2.0210-4.fc42.aarch64
perl-XML-LibXML-Simple-1.01-17.fc42.noarch
perl-XML-LibXSLT-2.003.000-3.fc42.aarch64
biber-2.20-1.fc42.noarch
texlive-l3packages-svn65722-76.fc42.noarch
texlive-xpatch-svn54563-76.fc42.noarch
texlive-bera-svn20031.0-76.fc42.noarch
texlive-algorithms-svn42428-76.fc42.noarch
texlive-xifthen-svn38929-76.fc42.noarch
texlive-fontspec-svn63386-76.fc42.noarch
texlive-xunicode-svn30466.0.981-76.fc42.noarch
texlive-tipa-svn29349.1.3-76.fc42.noarch
texlive-cm-super-svn15878.0-76.fc42.noarch
texlive-latex-svn65161-89.fc42.noarch
texlive-l3kernel-svn66094-76.fc42.noarch
texlive-currfile-svn64673-76.fc42.noarch
texlive-filehook-svn64822-76.fc42.noarch
texlive-pgf-svn65553-76.fc42.noarch
texlive-ms-svn57473-76.fc42.noarch
texlive-koma-script-svn64685-76.fc42.noarch
texlive-polyglossia-svn65792-76.fc42.noarch
texlive-biblatex-svn70725-76.fc42.noarch
texlive-bidi-svn65572-76.fc42.noarch
texlive-showexpl-svn57414-76.fc42.noarch
texlive-listings-svn66222-76.fc42.noarch
texlive-fancyvrb-svn65585-76.fc42.noarch
texlive-pst-3d-svn17257.1.10-76.fc42.noarch
texlive-pst-coil-svn62977-76.fc42.noarch
texlive-pst-eps-svn15878.1.0-76.fc42.noarch
texlive-pst-fill-svn60671-76.fc42.noarch
texlive-pst-grad-svn15878.1.06-76.fc42.noarch
texlive-pst-node-svn61838-76.fc42.noarch
texlive-pst-ovl-svn54963-76.fc42.noarch
texlive-pst-plot-svn65346-76.fc42.noarch
texlive-pst-text-svn49542-76.fc42.noarch
texlive-pst-tools-svn60621-76.fc42.noarch
texlive-pst-tree-svn60421-76.fc42.noarch
texlive-pstricks-add-svn65067-76.fc42.noarch
texlive-pstricks-svn65346-76.fc42.noarch
texlive-dvipdfmx-svn66203-89.fc42.aarch64
texlive-xetex-svn66203-89.fc42.aarch64
libXi-1.8.2-2.fc42.aarch64
texlive-xdvi-svn62387-89.fc42.aarch64
texlive-texlive-common-doc-svn54176-76.fc42.noarch
texlive-collection-basic-svn59159-76.fc42.noarch
perl-libintl-perl-1.35-1.fc42.aarch64
perl-Unicode-EastAsianWidth-12.0-16.fc42.noarch
texinfo-7.2-3.fc42.aarch64
m4-1.4.19-12.fc42.aarch64
bison-3.8.2-9.fc41.aarch64
texinfo-tex-7.2-3.fc42.aarch64
js-doxygen-1.13.2-4.fc42.noarch
perl-Term-Size-Any-0.002-44.fc42.noarch
perl-List-MoreUtils-0.430-13.fc42.noarch
perl-Lexical-Var-0.010-8.fc42.aarch64
perl-GD-Barcode-2.00-6.fc42.noarch
perl-IO-Compress-Brotli-0.004001-15.fc42.aarch64
perl-Module-Pluggable-6.3-2.fc42.noarch
nodejs-22.16.0-1nodesource.aarch64
perl-CPAN-DistnameInfo-0.12-32.fc42.noarch
perl-Class-XSAccessor-1.19-37.fc42.aarch64
perl-PerlIO-utf8_strict-0.010-9.fc42.aarch64
gawk-all-langpacks-5.3.1-1.fc42.aarch64
glibc-gconv-extra-2.41-6.fc42.aarch64
gawk-5.3.1-1.fc42.aarch64
